{"/Users/Jeremy/hackreactor/bestbuy-itemdetails/client/src/components/App.jsx": {"path":"/Users/Jeremy/hackreactor/bestbuy-itemdetails/client/src/components/App.jsx","statementMap":{"0":{"start":{"line":13,"column":4},"end":{"line":13,"column":17}},"1":{"start":{"line":14,"column":4},"end":{"line":16,"column":6}},"2":{"start":{"line":20,"column":4},"end":{"line":20,"column":22}},"3":{"start":{"line":24,"column":4},"end":{"line":28,"column":7}},"4":{"start":{"line":25,"column":6},"end":{"line":27,"column":9}},"5":{"start":{"line":32,"column":24},"end":{"line":32,"column":34}},"6":{"start":{"line":40,"column":8},"end":{"line":40,"column":15}},"7":{"start":{"line":42,"column":4},"end":{"line":51,"column":6}}},"fnMap":{"0":{"name":"(anonymous_0)","decl":{"start":{"line":12,"column":2},"end":{"line":12,"column":3}},"loc":{"start":{"line":12,"column":21},"end":{"line":17,"column":3}},"line":12},"1":{"name":"(anonymous_1)","decl":{"start":{"line":19,"column":2},"end":{"line":19,"column":3}},"loc":{"start":{"line":19,"column":22},"end":{"line":21,"column":3}},"line":19},"2":{"name":"(anonymous_2)","decl":{"start":{"line":23,"column":2},"end":{"line":23,"column":3}},"loc":{"start":{"line":23,"column":15},"end":{"line":29,"column":3}},"line":23},"3":{"name":"(anonymous_3)","decl":{"start":{"line":24,"column":66},"end":{"line":24,"column":67}},"loc":{"start":{"line":24,"column":76},"end":{"line":28,"column":5}},"line":24},"4":{"name":"(anonymous_4)","decl":{"start":{"line":31,"column":2},"end":{"line":31,"column":3}},"loc":{"start":{"line":31,"column":11},"end":{"line":52,"column":3}},"line":31}},"branchMap":{},"s":{"0":3,"1":3,"2":1,"3":1,"4":0,"5":3,"6":3,"7":3},"f":{"0":3,"1":1,"2":1,"3":0,"4":3},"b":{},"_coverageSchema":"1a1c01bbd47fc00a2c39e90264f33305004495a9","hash":"2e6234d5668ac8d5825af85c19770c6a757b435e"}
,"/Users/Jeremy/hackreactor/bestbuy-itemdetails/client/src/components/addtocart-components/AddToCart.jsx": {"path":"/Users/Jeremy/hackreactor/bestbuy-itemdetails/client/src/components/addtocart-components/AddToCart.jsx","statementMap":{"0":{"start":{"line":10,"column":18},"end":{"line":79,"column":1}},"1":{"start":{"line":11,"column":44},"end":{"line":11,"column":59}},"2":{"start":{"line":12,"column":44},"end":{"line":12,"column":59}},"3":{"start":{"line":13,"column":50},"end":{"line":13,"column":65}},"4":{"start":{"line":15,"column":19},"end":{"line":15,"column":27}},"5":{"start":{"line":16,"column":29},"end":{"line":21,"column":3}},"6":{"start":{"line":17,"column":4},"end":{"line":20,"column":5}},"7":{"start":{"line":18,"column":6},"end":{"line":18,"column":30}},"8":{"start":{"line":19,"column":6},"end":{"line":19,"column":64}},"9":{"start":{"line":23,"column":22},"end":{"line":28,"column":3}},"10":{"start":{"line":24,"column":4},"end":{"line":27,"column":5}},"11":{"start":{"line":25,"column":6},"end":{"line":25,"column":61}},"12":{"start":{"line":26,"column":6},"end":{"line":26,"column":29}},"13":{"start":{"line":29,"column":2},"end":{"line":78,"column":4}},"14":{"start":{"line":35,"column":27},"end":{"line":35,"column":50}},"15":{"start":{"line":46,"column":34},"end":{"line":46,"column":58}},"16":{"start":{"line":53,"column":27},"end":{"line":53,"column":53}},"17":{"start":{"line":81,"column":0},"end":{"line":83,"column":2}}},"fnMap":{"0":{"name":"(anonymous_0)","decl":{"start":{"line":10,"column":18},"end":{"line":10,"column":19}},"loc":{"start":{"line":10,"column":35},"end":{"line":79,"column":1}},"line":10},"1":{"name":"(anonymous_1)","decl":{"start":{"line":16,"column":29},"end":{"line":16,"column":30}},"loc":{"start":{"line":16,"column":36},"end":{"line":21,"column":3}},"line":16},"2":{"name":"(anonymous_2)","decl":{"start":{"line":23,"column":22},"end":{"line":23,"column":23}},"loc":{"start":{"line":23,"column":28},"end":{"line":28,"column":3}},"line":23},"3":{"name":"(anonymous_3)","decl":{"start":{"line":35,"column":19},"end":{"line":35,"column":20}},"loc":{"start":{"line":35,"column":25},"end":{"line":35,"column":52}},"line":35},"4":{"name":"(anonymous_4)","decl":{"start":{"line":46,"column":26},"end":{"line":46,"column":27}},"loc":{"start":{"line":46,"column":32},"end":{"line":46,"column":60}},"line":46},"5":{"name":"(anonymous_5)","decl":{"start":{"line":53,"column":19},"end":{"line":53,"column":20}},"loc":{"start":{"line":53,"column":25},"end":{"line":53,"column":55}},"line":53}},"branchMap":{"0":{"loc":{"start":{"line":17,"column":4},"end":{"line":20,"column":5}},"type":"if","locations":[{"start":{"line":17,"column":4},"end":{"line":20,"column":5}},{"start":{"line":17,"column":4},"end":{"line":20,"column":5}}],"line":17},"1":{"loc":{"start":{"line":24,"column":4},"end":{"line":27,"column":5}},"type":"if","locations":[{"start":{"line":24,"column":4},"end":{"line":27,"column":5}},{"start":{"line":24,"column":4},"end":{"line":27,"column":5}}],"line":24}},"s":{"0":2,"1":8,"2":8,"3":8,"4":8,"5":8,"6":0,"7":0,"8":0,"9":8,"10":1,"11":1,"12":1,"13":8,"14":1,"15":0,"16":1,"17":2},"f":{"0":8,"1":0,"2":1,"3":1,"4":0,"5":1},"b":{"0":[0,0],"1":[1,0]},"_coverageSchema":"1a1c01bbd47fc00a2c39e90264f33305004495a9","hash":"de0d1111cf0401c235b71745ddb67b9d0af6bc43"}
,"/Users/Jeremy/hackreactor/bestbuy-itemdetails/client/src/components/addtocart-components/CartModal.jsx": {"path":"/Users/Jeremy/hackreactor/bestbuy-itemdetails/client/src/components/addtocart-components/CartModal.jsx","statementMap":{"0":{"start":{"line":8,"column":18},"end":{"line":134,"column":1}},"1":{"start":{"line":9,"column":2},"end":{"line":11,"column":3}},"2":{"start":{"line":10,"column":4},"end":{"line":10,"column":16}},"3":{"start":{"line":12,"column":16},"end":{"line":12,"column":61}},"4":{"start":{"line":14,"column":2},"end":{"line":133,"column":4}},"5":{"start":{"line":136,"column":0},"end":{"line":140,"column":2}}},"fnMap":{"0":{"name":"(anonymous_0)","decl":{"start":{"line":8,"column":18},"end":{"line":8,"column":19}},"loc":{"start":{"line":8,"column":66},"end":{"line":134,"column":1}},"line":8}},"branchMap":{"0":{"loc":{"start":{"line":9,"column":2},"end":{"line":11,"column":3}},"type":"if","locations":[{"start":{"line":9,"column":2},"end":{"line":11,"column":3}},{"start":{"line":9,"column":2},"end":{"line":11,"column":3}}],"line":9}},"s":{"0":2,"1":1,"2":0,"3":1,"4":1,"5":2},"f":{"0":1},"b":{"0":[0,1]},"_coverageSchema":"1a1c01bbd47fc00a2c39e90264f33305004495a9","hash":"c76fa2c5f943612ff24ff25042eba26d07970672"}
,"/Users/Jeremy/hackreactor/bestbuy-itemdetails/client/src/components/addtocart-components/ComparePopup.jsx": {"path":"/Users/Jeremy/hackreactor/bestbuy-itemdetails/client/src/components/addtocart-components/ComparePopup.jsx","statementMap":{"0":{"start":{"line":8,"column":21},"end":{"line":71,"column":1}},"1":{"start":{"line":9,"column":2},"end":{"line":11,"column":3}},"2":{"start":{"line":10,"column":4},"end":{"line":10,"column":16}},"3":{"start":{"line":12,"column":16},"end":{"line":12,"column":61}},"4":{"start":{"line":13,"column":2},"end":{"line":70,"column":4}},"5":{"start":{"line":22,"column":29},"end":{"line":22,"column":56}},"6":{"start":{"line":56,"column":29},"end":{"line":56,"column":56}},"7":{"start":{"line":73,"column":0},"end":{"line":77,"column":2}}},"fnMap":{"0":{"name":"(anonymous_0)","decl":{"start":{"line":8,"column":21},"end":{"line":8,"column":22}},"loc":{"start":{"line":8,"column":77},"end":{"line":71,"column":1}},"line":8},"1":{"name":"(anonymous_1)","decl":{"start":{"line":22,"column":21},"end":{"line":22,"column":22}},"loc":{"start":{"line":22,"column":27},"end":{"line":22,"column":58}},"line":22},"2":{"name":"(anonymous_2)","decl":{"start":{"line":56,"column":21},"end":{"line":56,"column":22}},"loc":{"start":{"line":56,"column":27},"end":{"line":56,"column":58}},"line":56}},"branchMap":{"0":{"loc":{"start":{"line":9,"column":2},"end":{"line":11,"column":3}},"type":"if","locations":[{"start":{"line":9,"column":2},"end":{"line":11,"column":3}},{"start":{"line":9,"column":2},"end":{"line":11,"column":3}}],"line":9}},"s":{"0":2,"1":0,"2":0,"3":0,"4":0,"5":0,"6":0,"7":2},"f":{"0":0,"1":0,"2":0},"b":{"0":[0,0]},"_coverageSchema":"1a1c01bbd47fc00a2c39e90264f33305004495a9","hash":"b19d438590e7beae1aeb1432d7d5f32f93334cbb"}
,"/Users/Jeremy/hackreactor/bestbuy-itemdetails/client/src/components/addtocart-components/SavePopup.jsx": {"path":"/Users/Jeremy/hackreactor/bestbuy-itemdetails/client/src/components/addtocart-components/SavePopup.jsx","statementMap":{"0":{"start":{"line":7,"column":18},"end":{"line":31,"column":1}},"1":{"start":{"line":8,"column":2},"end":{"line":10,"column":3}},"2":{"start":{"line":9,"column":4},"end":{"line":9,"column":16}},"3":{"start":{"line":11,"column":2},"end":{"line":30,"column":4}},"4":{"start":{"line":24,"column":25},"end":{"line":24,"column":49}},"5":{"start":{"line":33,"column":0},"end":{"line":36,"column":2}}},"fnMap":{"0":{"name":"(anonymous_0)","decl":{"start":{"line":7,"column":18},"end":{"line":7,"column":19}},"loc":{"start":{"line":7,"column":59},"end":{"line":31,"column":1}},"line":7},"1":{"name":"(anonymous_1)","decl":{"start":{"line":24,"column":17},"end":{"line":24,"column":18}},"loc":{"start":{"line":24,"column":23},"end":{"line":24,"column":51}},"line":24}},"branchMap":{"0":{"loc":{"start":{"line":8,"column":2},"end":{"line":10,"column":3}},"type":"if","locations":[{"start":{"line":8,"column":2},"end":{"line":10,"column":3}},{"start":{"line":8,"column":2},"end":{"line":10,"column":3}}],"line":8}},"s":{"0":2,"1":1,"2":0,"3":1,"4":0,"5":2},"f":{"0":1,"1":0},"b":{"0":[0,1]},"_coverageSchema":"1a1c01bbd47fc00a2c39e90264f33305004495a9","hash":"2593e38996248f67f98ea6ee77dc4fcb910b8870"}
,"/Users/Jeremy/hackreactor/bestbuy-itemdetails/client/src/components/data/airPodsMaxData.js": {"path":"/Users/Jeremy/hackreactor/bestbuy-itemdetails/client/src/components/data/airPodsMaxData.js","statementMap":{"0":{"start":{"line":1,"column":19},"end":{"line":61,"column":1}}},"fnMap":{},"branchMap":{},"s":{"0":6},"f":{},"b":{},"_coverageSchema":"1a1c01bbd47fc00a2c39e90264f33305004495a9","hash":"b4919e462acfc718ac033aa66b235af191fd10ef"}
,"/Users/Jeremy/hackreactor/bestbuy-itemdetails/client/src/components/offers-components/Offers.jsx": {"path":"/Users/Jeremy/hackreactor/bestbuy-itemdetails/client/src/components/offers-components/Offers.jsx","statementMap":{"0":{"start":{"line":6,"column":15},"end":{"line":19,"column":1}},"1":{"start":{"line":7,"column":2},"end":{"line":18,"column":8}},"2":{"start":{"line":9,"column":6},"end":{"line":16,"column":12}},"3":{"start":{"line":12,"column":10},"end":{"line":14,"column":16}},"4":{"start":{"line":13,"column":42},"end":{"line":13,"column":61}},"5":{"start":{"line":21,"column":0},"end":{"line":23,"column":2}},"6":{"start":{"line":25,"column":0},"end":{"line":27,"column":2}}},"fnMap":{"0":{"name":"(anonymous_0)","decl":{"start":{"line":6,"column":15},"end":{"line":6,"column":16}},"loc":{"start":{"line":7,"column":2},"end":{"line":18,"column":8}},"line":7},"1":{"name":"(anonymous_1)","decl":{"start":{"line":8,"column":16},"end":{"line":8,"column":17}},"loc":{"start":{"line":9,"column":6},"end":{"line":16,"column":12}},"line":9},"2":{"name":"(anonymous_2)","decl":{"start":{"line":11,"column":26},"end":{"line":11,"column":27}},"loc":{"start":{"line":12,"column":10},"end":{"line":14,"column":16}},"line":12},"3":{"name":"(anonymous_3)","decl":{"start":{"line":13,"column":33},"end":{"line":13,"column":34}},"loc":{"start":{"line":13,"column":40},"end":{"line":13,"column":63}},"line":13}},"branchMap":{},"s":{"0":2,"1":1,"2":0,"3":0,"4":0,"5":2,"6":2},"f":{"0":1,"1":0,"2":0,"3":0},"b":{},"_coverageSchema":"1a1c01bbd47fc00a2c39e90264f33305004495a9","hash":"0f45ec1861a028e52d7e8ce9ca320fea37f646c6"}
,"/Users/Jeremy/hackreactor/bestbuy-itemdetails/client/src/components/price-components/Price.jsx": {"path":"/Users/Jeremy/hackreactor/bestbuy-itemdetails/client/src/components/price-components/Price.jsx","statementMap":{"0":{"start":{"line":9,"column":14},"end":{"line":57,"column":1}},"1":{"start":{"line":10,"column":46},"end":{"line":10,"column":61}},"2":{"start":{"line":12,"column":2},"end":{"line":56,"column":4}},"3":{"start":{"line":40,"column":16},"end":{"line":40,"column":35}},"4":{"start":{"line":41,"column":16},"end":{"line":41,"column":40}},"5":{"start":{"line":48,"column":39},"end":{"line":48,"column":64}},"6":{"start":{"line":59,"column":0},"end":{"line":61,"column":2}},"7":{"start":{"line":63,"column":0},"end":{"line":65,"column":2}}},"fnMap":{"0":{"name":"(anonymous_0)","decl":{"start":{"line":9,"column":14},"end":{"line":9,"column":15}},"loc":{"start":{"line":9,"column":29},"end":{"line":57,"column":1}},"line":9},"1":{"name":"(anonymous_1)","decl":{"start":{"line":39,"column":23},"end":{"line":39,"column":24}},"loc":{"start":{"line":39,"column":30},"end":{"line":42,"column":15}},"line":39},"2":{"name":"(anonymous_2)","decl":{"start":{"line":48,"column":31},"end":{"line":48,"column":32}},"loc":{"start":{"line":48,"column":37},"end":{"line":48,"column":66}},"line":48}},"branchMap":{},"s":{"0":2,"1":4,"2":4,"3":1,"4":1,"5":0,"6":2,"7":2},"f":{"0":4,"1":1,"2":0},"b":{},"_coverageSchema":"1a1c01bbd47fc00a2c39e90264f33305004495a9","hash":"e69feb74ad41d45a5014143ab73036c235b6e2a2"}
,"/Users/Jeremy/hackreactor/bestbuy-itemdetails/client/src/components/price-components/PriceMatch.jsx": {"path":"/Users/Jeremy/hackreactor/bestbuy-itemdetails/client/src/components/price-components/PriceMatch.jsx","statementMap":{"0":{"start":{"line":5,"column":19},"end":{"line":41,"column":1}},"1":{"start":{"line":6,"column":46},"end":{"line":6,"column":61}},"2":{"start":{"line":7,"column":19},"end":{"line":7,"column":27}},"3":{"start":{"line":9,"column":29},"end":{"line":14,"column":3}},"4":{"start":{"line":10,"column":4},"end":{"line":13,"column":5}},"5":{"start":{"line":11,"column":6},"end":{"line":11,"column":31}},"6":{"start":{"line":12,"column":6},"end":{"line":12,"column":64}},"7":{"start":{"line":16,"column":22},"end":{"line":22,"column":3}},"8":{"start":{"line":17,"column":4},"end":{"line":17,"column":23}},"9":{"start":{"line":18,"column":4},"end":{"line":21,"column":5}},"10":{"start":{"line":19,"column":6},"end":{"line":19,"column":30}},"11":{"start":{"line":20,"column":6},"end":{"line":20,"column":61}},"12":{"start":{"line":24,"column":2},"end":{"line":40,"column":4}}},"fnMap":{"0":{"name":"(anonymous_0)","decl":{"start":{"line":5,"column":19},"end":{"line":5,"column":20}},"loc":{"start":{"line":5,"column":25},"end":{"line":41,"column":1}},"line":5},"1":{"name":"(anonymous_1)","decl":{"start":{"line":9,"column":29},"end":{"line":9,"column":30}},"loc":{"start":{"line":9,"column":36},"end":{"line":14,"column":3}},"line":9},"2":{"name":"(anonymous_2)","decl":{"start":{"line":16,"column":22},"end":{"line":16,"column":23}},"loc":{"start":{"line":16,"column":29},"end":{"line":22,"column":3}},"line":16}},"branchMap":{"0":{"loc":{"start":{"line":10,"column":4},"end":{"line":13,"column":5}},"type":"if","locations":[{"start":{"line":10,"column":4},"end":{"line":13,"column":5}},{"start":{"line":10,"column":4},"end":{"line":13,"column":5}}],"line":10},"1":{"loc":{"start":{"line":18,"column":4},"end":{"line":21,"column":5}},"type":"if","locations":[{"start":{"line":18,"column":4},"end":{"line":21,"column":5}},{"start":{"line":18,"column":4},"end":{"line":21,"column":5}}],"line":18}},"s":{"0":2,"1":5,"2":5,"3":5,"4":0,"5":0,"6":0,"7":5,"8":1,"9":1,"10":1,"11":1,"12":5},"f":{"0":5,"1":0,"2":1},"b":{"0":[0,0],"1":[1,0]},"_coverageSchema":"1a1c01bbd47fc00a2c39e90264f33305004495a9","hash":"fe08a0b29ff1a35c596626b224844164830feab3"}
,"/Users/Jeremy/hackreactor/bestbuy-itemdetails/client/src/components/price-components/PriceMatchPopup.jsx": {"path":"/Users/Jeremy/hackreactor/bestbuy-itemdetails/client/src/components/price-components/PriceMatchPopup.jsx","statementMap":{"0":{"start":{"line":7,"column":24},"end":{"line":63,"column":1}},"1":{"start":{"line":8,"column":2},"end":{"line":10,"column":3}},"2":{"start":{"line":9,"column":4},"end":{"line":9,"column":16}},"3":{"start":{"line":12,"column":2},"end":{"line":62,"column":4}},"4":{"start":{"line":56,"column":25},"end":{"line":56,"column":50}},"5":{"start":{"line":65,"column":0},"end":{"line":68,"column":2}}},"fnMap":{"0":{"name":"(anonymous_0)","decl":{"start":{"line":7,"column":24},"end":{"line":7,"column":25}},"loc":{"start":{"line":7,"column":67},"end":{"line":63,"column":1}},"line":7},"1":{"name":"(anonymous_1)","decl":{"start":{"line":56,"column":17},"end":{"line":56,"column":18}},"loc":{"start":{"line":56,"column":23},"end":{"line":56,"column":52}},"line":56}},"branchMap":{"0":{"loc":{"start":{"line":8,"column":2},"end":{"line":10,"column":3}},"type":"if","locations":[{"start":{"line":8,"column":2},"end":{"line":10,"column":3}},{"start":{"line":8,"column":2},"end":{"line":10,"column":3}}],"line":8}},"s":{"0":2,"1":4,"2":3,"3":1,"4":0,"5":2},"f":{"0":4,"1":0},"b":{"0":[3,1]},"_coverageSchema":"1a1c01bbd47fc00a2c39e90264f33305004495a9","hash":"c5737311ad432b5a8ad996c893f62e908ae4564e"}
,"/Users/Jeremy/hackreactor/bestbuy-itemdetails/client/src/components/price-components/PriceModal.jsx": {"path":"/Users/Jeremy/hackreactor/bestbuy-itemdetails/client/src/components/price-components/PriceModal.jsx","statementMap":{"0":{"start":{"line":7,"column":19},"end":{"line":33,"column":1}},"1":{"start":{"line":8,"column":2},"end":{"line":10,"column":3}},"2":{"start":{"line":9,"column":4},"end":{"line":9,"column":16}},"3":{"start":{"line":11,"column":2},"end":{"line":32,"column":4}},"4":{"start":{"line":35,"column":0},"end":{"line":38,"column":2}}},"fnMap":{"0":{"name":"(anonymous_0)","decl":{"start":{"line":7,"column":19},"end":{"line":7,"column":20}},"loc":{"start":{"line":7,"column":60},"end":{"line":33,"column":1}},"line":7}},"branchMap":{"0":{"loc":{"start":{"line":8,"column":2},"end":{"line":10,"column":3}},"type":"if","locations":[{"start":{"line":8,"column":2},"end":{"line":10,"column":3}},{"start":{"line":8,"column":2},"end":{"line":10,"column":3}}],"line":8}},"s":{"0":2,"1":2,"2":1,"3":1,"4":2},"f":{"0":2},"b":{"0":[1,1]},"_coverageSchema":"1a1c01bbd47fc00a2c39e90264f33305004495a9","hash":"5f868dd03df56c265318a69b0e70e42d3e226a18"}
,"/Users/Jeremy/hackreactor/bestbuy-itemdetails/client/src/components/price-components/Returns.jsx": {"path":"/Users/Jeremy/hackreactor/bestbuy-itemdetails/client/src/components/price-components/Returns.jsx","statementMap":{"0":{"start":{"line":4,"column":16},"end":{"line":23,"column":1}},"1":{"start":{"line":5,"column":2},"end":{"line":22,"column":8}},"2":{"start":{"line":16,"column":28},"end":{"line":16,"column":46}}},"fnMap":{"0":{"name":"(anonymous_0)","decl":{"start":{"line":4,"column":16},"end":{"line":4,"column":17}},"loc":{"start":{"line":5,"column":2},"end":{"line":22,"column":8}},"line":5},"1":{"name":"(anonymous_1)","decl":{"start":{"line":16,"column":19},"end":{"line":16,"column":20}},"loc":{"start":{"line":16,"column":26},"end":{"line":16,"column":48}},"line":16}},"branchMap":{},"s":{"0":2,"1":3,"2":0},"f":{"0":3,"1":0},"b":{},"_coverageSchema":"1a1c01bbd47fc00a2c39e90264f33305004495a9","hash":"9631f39eb066dd43ce96a815a5058d2231fe3548"}
,"/Users/Jeremy/hackreactor/bestbuy-itemdetails/client/src/components/protection-components/Plan.jsx": {"path":"/Users/Jeremy/hackreactor/bestbuy-itemdetails/client/src/components/protection-components/Plan.jsx","statementMap":{"0":{"start":{"line":5,"column":13},"end":{"line":31,"column":1}},"1":{"start":{"line":6,"column":2},"end":{"line":30,"column":8}},"2":{"start":{"line":33,"column":0},"end":{"line":36,"column":2}}},"fnMap":{"0":{"name":"(anonymous_0)","decl":{"start":{"line":5,"column":13},"end":{"line":5,"column":14}},"loc":{"start":{"line":6,"column":2},"end":{"line":30,"column":8}},"line":6}},"branchMap":{},"s":{"0":1,"1":0,"2":1},"f":{"0":0},"b":{},"_coverageSchema":"1a1c01bbd47fc00a2c39e90264f33305004495a9","hash":"63a4b137bdc7ee6168c0a23ba550c621199ce2ad"}
,"/Users/Jeremy/hackreactor/bestbuy-itemdetails/client/src/components/protection-components/Protection.jsx": {"path":"/Users/Jeremy/hackreactor/bestbuy-itemdetails/client/src/components/protection-components/Protection.jsx","statementMap":{"0":{"start":{"line":7,"column":19},"end":{"line":32,"column":1}},"1":{"start":{"line":8,"column":2},"end":{"line":31,"column":8}},"2":{"start":{"line":25,"column":8},"end":{"line":25,"column":38}},"3":{"start":{"line":29,"column":65},"end":{"line":29,"column":84}},"4":{"start":{"line":34,"column":0},"end":{"line":37,"column":2}},"5":{"start":{"line":39,"column":0},"end":{"line":42,"column":2}}},"fnMap":{"0":{"name":"(anonymous_0)","decl":{"start":{"line":7,"column":19},"end":{"line":7,"column":20}},"loc":{"start":{"line":8,"column":2},"end":{"line":31,"column":8}},"line":8},"1":{"name":"(anonymous_1)","decl":{"start":{"line":24,"column":27},"end":{"line":24,"column":28}},"loc":{"start":{"line":25,"column":8},"end":{"line":25,"column":38}},"line":25},"2":{"name":"(anonymous_2)","decl":{"start":{"line":29,"column":56},"end":{"line":29,"column":57}},"loc":{"start":{"line":29,"column":63},"end":{"line":29,"column":86}},"line":29}},"branchMap":{},"s":{"0":1,"1":0,"2":0,"3":0,"4":1,"5":1},"f":{"0":0,"1":0,"2":0},"b":{},"_coverageSchema":"1a1c01bbd47fc00a2c39e90264f33305004495a9","hash":"4417cb75af660ca84db98edc6aabf9d6bebe0ce0"}
,"/Users/Jeremy/hackreactor/bestbuy-itemdetails/client/src/components/stock-shipping-components/EstimatesPopup.jsx": {"path":"/Users/Jeremy/hackreactor/bestbuy-itemdetails/client/src/components/stock-shipping-components/EstimatesPopup.jsx","statementMap":{"0":{"start":{"line":7,"column":23},"end":{"line":39,"column":1}},"1":{"start":{"line":8,"column":2},"end":{"line":10,"column":3}},"2":{"start":{"line":9,"column":4},"end":{"line":9,"column":16}},"3":{"start":{"line":11,"column":2},"end":{"line":38,"column":4}},"4":{"start":{"line":32,"column":25},"end":{"line":32,"column":54}},"5":{"start":{"line":41,"column":0},"end":{"line":44,"column":2}}},"fnMap":{"0":{"name":"(anonymous_0)","decl":{"start":{"line":7,"column":23},"end":{"line":7,"column":24}},"loc":{"start":{"line":7,"column":74},"end":{"line":39,"column":1}},"line":7},"1":{"name":"(anonymous_1)","decl":{"start":{"line":32,"column":17},"end":{"line":32,"column":18}},"loc":{"start":{"line":32,"column":23},"end":{"line":32,"column":56}},"line":32}},"branchMap":{"0":{"loc":{"start":{"line":8,"column":2},"end":{"line":10,"column":3}},"type":"if","locations":[{"start":{"line":8,"column":2},"end":{"line":10,"column":3}},{"start":{"line":8,"column":2},"end":{"line":10,"column":3}}],"line":8}},"s":{"0":2,"1":3,"2":2,"3":1,"4":0,"5":2},"f":{"0":3,"1":0},"b":{"0":[2,1]},"_coverageSchema":"1a1c01bbd47fc00a2c39e90264f33305004495a9","hash":"3d2809dd749d3ea5e5fb8e8a087a9d8b7dea1121"}
,"/Users/Jeremy/hackreactor/bestbuy-itemdetails/client/src/components/stock-shipping-components/StockShipping.jsx": {"path":"/Users/Jeremy/hackreactor/bestbuy-itemdetails/client/src/components/stock-shipping-components/StockShipping.jsx","statementMap":{"0":{"start":{"line":7,"column":22},"end":{"line":85,"column":1}},"1":{"start":{"line":8,"column":54},"end":{"line":8,"column":69}},"2":{"start":{"line":9,"column":19},"end":{"line":9,"column":27}},"3":{"start":{"line":11,"column":29},"end":{"line":16,"column":3}},"4":{"start":{"line":12,"column":4},"end":{"line":15,"column":5}},"5":{"start":{"line":13,"column":6},"end":{"line":13,"column":35}},"6":{"start":{"line":14,"column":6},"end":{"line":14,"column":64}},"7":{"start":{"line":18,"column":22},"end":{"line":24,"column":3}},"8":{"start":{"line":19,"column":4},"end":{"line":19,"column":23}},"9":{"start":{"line":20,"column":4},"end":{"line":23,"column":5}},"10":{"start":{"line":21,"column":6},"end":{"line":21,"column":61}},"11":{"start":{"line":22,"column":6},"end":{"line":22,"column":34}},"12":{"start":{"line":25,"column":2},"end":{"line":27,"column":3}},"13":{"start":{"line":26,"column":4},"end":{"line":26,"column":16}},"14":{"start":{"line":30,"column":23},"end":{"line":39,"column":3}},"15":{"start":{"line":31,"column":4},"end":{"line":35,"column":5}},"16":{"start":{"line":32,"column":6},"end":{"line":32,"column":45}},"17":{"start":{"line":33,"column":6},"end":{"line":33,"column":43}},"18":{"start":{"line":34,"column":6},"end":{"line":34,"column":37}},"19":{"start":{"line":36,"column":4},"end":{"line":36,"column":45}},"20":{"start":{"line":37,"column":4},"end":{"line":37,"column":36}},"21":{"start":{"line":38,"column":4},"end":{"line":38,"column":31}},"22":{"start":{"line":41,"column":2},"end":{"line":84,"column":4}},"23":{"start":{"line":87,"column":0},"end":{"line":89,"column":2}},"24":{"start":{"line":91,"column":0},"end":{"line":93,"column":2}}},"fnMap":{"0":{"name":"(anonymous_0)","decl":{"start":{"line":7,"column":22},"end":{"line":7,"column":23}},"loc":{"start":{"line":7,"column":39},"end":{"line":85,"column":1}},"line":7},"1":{"name":"(anonymous_1)","decl":{"start":{"line":11,"column":29},"end":{"line":11,"column":30}},"loc":{"start":{"line":11,"column":36},"end":{"line":16,"column":3}},"line":11},"2":{"name":"(anonymous_2)","decl":{"start":{"line":18,"column":22},"end":{"line":18,"column":23}},"loc":{"start":{"line":18,"column":29},"end":{"line":24,"column":3}},"line":18},"3":{"name":"(anonymous_3)","decl":{"start":{"line":30,"column":23},"end":{"line":30,"column":24}},"loc":{"start":{"line":30,"column":29},"end":{"line":39,"column":3}},"line":30}},"branchMap":{"0":{"loc":{"start":{"line":12,"column":4},"end":{"line":15,"column":5}},"type":"if","locations":[{"start":{"line":12,"column":4},"end":{"line":15,"column":5}},{"start":{"line":12,"column":4},"end":{"line":15,"column":5}}],"line":12},"1":{"loc":{"start":{"line":20,"column":4},"end":{"line":23,"column":5}},"type":"if","locations":[{"start":{"line":20,"column":4},"end":{"line":23,"column":5}},{"start":{"line":20,"column":4},"end":{"line":23,"column":5}}],"line":20},"2":{"loc":{"start":{"line":25,"column":2},"end":{"line":27,"column":3}},"type":"if","locations":[{"start":{"line":25,"column":2},"end":{"line":27,"column":3}},{"start":{"line":25,"column":2},"end":{"line":27,"column":3}}],"line":25},"3":{"loc":{"start":{"line":31,"column":4},"end":{"line":35,"column":5}},"type":"if","locations":[{"start":{"line":31,"column":4},"end":{"line":35,"column":5}},{"start":{"line":31,"column":4},"end":{"line":35,"column":5}}],"line":31},"4":{"loc":{"start":{"line":44,"column":9},"end":{"line":44,"column":62}},"type":"cond-expr","locations":[{"start":{"line":44,"column":34},"end":{"line":44,"column":52}},{"start":{"line":44,"column":55},"end":{"line":44,"column":62}}],"line":44}},"s":{"0":2,"1":4,"2":4,"3":4,"4":0,"5":0,"6":0,"7":4,"8":1,"9":1,"10":1,"11":1,"12":4,"13":0,"14":4,"15":4,"16":0,"17":0,"18":0,"19":4,"20":4,"21":4,"22":4,"23":2,"24":2},"f":{"0":4,"1":0,"2":1,"3":4},"b":{"0":[0,0],"1":[1,0],"2":[0,4],"3":[0,4],"4":[0,4]},"_coverageSchema":"1a1c01bbd47fc00a2c39e90264f33305004495a9","hash":"098449141855eb0b9b8836fc85517d6a442c0e5d"}
,"/Users/Jeremy/hackreactor/bestbuy-itemdetails/client/src/components/variations-components/AllVariations.jsx": {"path":"/Users/Jeremy/hackreactor/bestbuy-itemdetails/client/src/components/variations-components/AllVariations.jsx","statementMap":{"0":{"start":{"line":7,"column":22},"end":{"line":16,"column":1}},"1":{"start":{"line":8,"column":2},"end":{"line":15,"column":8}},"2":{"start":{"line":10,"column":6},"end":{"line":13,"column":8}},"3":{"start":{"line":18,"column":0},"end":{"line":20,"column":2}},"4":{"start":{"line":22,"column":0},"end":{"line":24,"column":2}}},"fnMap":{"0":{"name":"(anonymous_0)","decl":{"start":{"line":7,"column":22},"end":{"line":7,"column":23}},"loc":{"start":{"line":8,"column":2},"end":{"line":15,"column":8}},"line":8},"1":{"name":"(anonymous_1)","decl":{"start":{"line":9,"column":20},"end":{"line":9,"column":21}},"loc":{"start":{"line":10,"column":6},"end":{"line":13,"column":8}},"line":10}},"branchMap":{},"s":{"0":2,"1":1,"2":1,"3":2,"4":2},"f":{"0":1,"1":1},"b":{},"_coverageSchema":"1a1c01bbd47fc00a2c39e90264f33305004495a9","hash":"757e100f62bb409fae1ecd2904a8d809f616fb20"}
,"/Users/Jeremy/hackreactor/bestbuy-itemdetails/client/src/components/variations-components/Variation.jsx": {"path":"/Users/Jeremy/hackreactor/bestbuy-itemdetails/client/src/components/variations-components/Variation.jsx","statementMap":{"0":{"start":{"line":6,"column":18},"end":{"line":88,"column":1}},"1":{"start":{"line":7,"column":44},"end":{"line":7,"column":86}},"2":{"start":{"line":8,"column":54},"end":{"line":8,"column":65}},"3":{"start":{"line":9,"column":46},"end":{"line":9,"column":61}},"4":{"start":{"line":10,"column":48},"end":{"line":10,"column":62}},"5":{"start":{"line":11,"column":50},"end":{"line":11,"column":92}},"6":{"start":{"line":13,"column":23},"end":{"line":15,"column":3}},"7":{"start":{"line":17,"column":15},"end":{"line":19,"column":3}},"8":{"start":{"line":18,"column":4},"end":{"line":18,"column":50}},"9":{"start":{"line":21,"column":15},"end":{"line":23,"column":3}},"10":{"start":{"line":22,"column":4},"end":{"line":22,"column":50}},"11":{"start":{"line":26,"column":4},"end":{"line":37,"column":13}},"12":{"start":{"line":30,"column":8},"end":{"line":30,"column":15}},"13":{"start":{"line":31,"column":8},"end":{"line":31,"column":33}},"14":{"start":{"line":32,"column":8},"end":{"line":32,"column":33}},"15":{"start":{"line":41,"column":4},"end":{"line":51,"column":13}},"16":{"start":{"line":45,"column":8},"end":{"line":45,"column":15}},"17":{"start":{"line":46,"column":8},"end":{"line":46,"column":32}},"18":{"start":{"line":47,"column":8},"end":{"line":47,"column":34}},"19":{"start":{"line":54,"column":2},"end":{"line":87,"column":4}},"20":{"start":{"line":76,"column":12},"end":{"line":82,"column":14}},"21":{"start":{"line":90,"column":0},"end":{"line":92,"column":2}}},"fnMap":{"0":{"name":"(anonymous_0)","decl":{"start":{"line":6,"column":18},"end":{"line":6,"column":19}},"loc":{"start":{"line":6,"column":37},"end":{"line":88,"column":1}},"line":6},"1":{"name":"(anonymous_1)","decl":{"start":{"line":17,"column":15},"end":{"line":17,"column":16}},"loc":{"start":{"line":17,"column":21},"end":{"line":19,"column":3}},"line":17},"2":{"name":"(anonymous_2)","decl":{"start":{"line":21,"column":15},"end":{"line":21,"column":16}},"loc":{"start":{"line":21,"column":21},"end":{"line":23,"column":3}},"line":21},"3":{"name":"(anonymous_3)","decl":{"start":{"line":29,"column":15},"end":{"line":29,"column":16}},"loc":{"start":{"line":29,"column":21},"end":{"line":33,"column":7}},"line":29},"4":{"name":"(anonymous_4)","decl":{"start":{"line":44,"column":15},"end":{"line":44,"column":16}},"loc":{"start":{"line":44,"column":21},"end":{"line":48,"column":7}},"line":44},"5":{"name":"(anonymous_5)","decl":{"start":{"line":75,"column":40},"end":{"line":75,"column":41}},"loc":{"start":{"line":76,"column":12},"end":{"line":82,"column":14}},"line":76}},"branchMap":{"0":{"loc":{"start":{"line":66,"column":11},"end":{"line":66,"column":45}},"type":"cond-expr","locations":[{"start":{"line":66,"column":28},"end":{"line":66,"column":38}},{"start":{"line":66,"column":41},"end":{"line":66,"column":45}}],"line":66},"1":{"loc":{"start":{"line":69,"column":11},"end":{"line":69,"column":47}},"type":"cond-expr","locations":[{"start":{"line":69,"column":29},"end":{"line":69,"column":40}},{"start":{"line":69,"column":43},"end":{"line":69,"column":47}}],"line":69}},"s":{"0":2,"1":1,"2":1,"3":1,"4":1,"5":1,"6":1,"7":1,"8":0,"9":1,"10":0,"11":1,"12":0,"13":0,"14":0,"15":1,"16":0,"17":0,"18":0,"19":1,"20":5,"21":2},"f":{"0":1,"1":0,"2":0,"3":0,"4":0,"5":5},"b":{"0":[0,1],"1":[1,0]},"_coverageSchema":"1a1c01bbd47fc00a2c39e90264f33305004495a9","hash":"b79969442be016c4955d5c4aae5b866ba1af3b9e"}
,"/Users/Jeremy/hackreactor/bestbuy-itemdetails/client/src/components/variations-components/VariationItem.jsx": {"path":"/Users/Jeremy/hackreactor/bestbuy-itemdetails/client/src/components/variations-components/VariationItem.jsx","statementMap":{"0":{"start":{"line":7,"column":22},"end":{"line":40,"column":1}},"1":{"start":{"line":13,"column":21},"end":{"line":18,"column":3}},"2":{"start":{"line":14,"column":4},"end":{"line":16,"column":5}},"3":{"start":{"line":15,"column":6},"end":{"line":15,"column":49}},"4":{"start":{"line":17,"column":4},"end":{"line":17,"column":28}},"5":{"start":{"line":20,"column":2},"end":{"line":39,"column":4}},"6":{"start":{"line":23,"column":30},"end":{"line":23,"column":58}},"7":{"start":{"line":24,"column":30},"end":{"line":24,"column":65}},"8":{"start":{"line":25,"column":25},"end":{"line":25,"column":56}},"9":{"start":{"line":42,"column":0},"end":{"line":47,"column":2}}},"fnMap":{"0":{"name":"(anonymous_0)","decl":{"start":{"line":7,"column":22},"end":{"line":7,"column":23}},"loc":{"start":{"line":12,"column":6},"end":{"line":40,"column":1}},"line":12},"1":{"name":"(anonymous_1)","decl":{"start":{"line":13,"column":21},"end":{"line":13,"column":22}},"loc":{"start":{"line":13,"column":27},"end":{"line":18,"column":3}},"line":13},"2":{"name":"(anonymous_2)","decl":{"start":{"line":23,"column":22},"end":{"line":23,"column":23}},"loc":{"start":{"line":23,"column":28},"end":{"line":23,"column":60}},"line":23},"3":{"name":"(anonymous_3)","decl":{"start":{"line":24,"column":22},"end":{"line":24,"column":23}},"loc":{"start":{"line":24,"column":28},"end":{"line":24,"column":67}},"line":24},"4":{"name":"(anonymous_4)","decl":{"start":{"line":25,"column":17},"end":{"line":25,"column":18}},"loc":{"start":{"line":25,"column":23},"end":{"line":25,"column":58}},"line":25}},"branchMap":{"0":{"loc":{"start":{"line":14,"column":4},"end":{"line":16,"column":5}},"type":"if","locations":[{"start":{"line":14,"column":4},"end":{"line":16,"column":5}},{"start":{"line":14,"column":4},"end":{"line":16,"column":5}}],"line":14}},"s":{"0":2,"1":1,"2":1,"3":0,"4":1,"5":1,"6":0,"7":0,"8":0,"9":2},"f":{"0":1,"1":1,"2":0,"3":0,"4":0},"b":{"0":[0,1]},"_coverageSchema":"1a1c01bbd47fc00a2c39e90264f33305004495a9","hash":"659c940ef5c2197c72262a67d4b7d907f397727b"}
,"/Users/Jeremy/hackreactor/bestbuy-itemdetails/database/helpers.js": {"path":"/Users/Jeremy/hackreactor/bestbuy-itemdetails/database/helpers.js","statementMap":{"0":{"start":{"line":1,"column":20},"end":{"line":1,"column":38}},"1":{"start":{"line":3,"column":16},"end":{"line":10,"column":1}},"2":{"start":{"line":4,"column":2},"end":{"line":9,"column":5}},"3":{"start":{"line":5,"column":4},"end":{"line":7,"column":5}},"4":{"start":{"line":6,"column":6},"end":{"line":6,"column":20}},"5":{"start":{"line":8,"column":4},"end":{"line":8,"column":28}},"6":{"start":{"line":12,"column":19},"end":{"line":21,"column":1}},"7":{"start":{"line":13,"column":17},"end":{"line":13,"column":48}},"8":{"start":{"line":14,"column":2},"end":{"line":20,"column":7}},"9":{"start":{"line":19,"column":6},"end":{"line":19,"column":28}},"10":{"start":{"line":23,"column":0},"end":{"line":26,"column":2}}},"fnMap":{"0":{"name":"(anonymous_0)","decl":{"start":{"line":3,"column":16},"end":{"line":3,"column":17}},"loc":{"start":{"line":3,"column":34},"end":{"line":10,"column":1}},"line":3},"1":{"name":"(anonymous_1)","decl":{"start":{"line":4,"column":23},"end":{"line":4,"column":24}},"loc":{"start":{"line":4,"column":41},"end":{"line":9,"column":3}},"line":4},"2":{"name":"(anonymous_2)","decl":{"start":{"line":12,"column":19},"end":{"line":12,"column":20}},"loc":{"start":{"line":12,"column":33},"end":{"line":21,"column":1}},"line":12},"3":{"name":"(anonymous_3)","decl":{"start":{"line":18,"column":10},"end":{"line":18,"column":11}},"loc":{"start":{"line":18,"column":27},"end":{"line":20,"column":5}},"line":18}},"branchMap":{"0":{"loc":{"start":{"line":5,"column":4},"end":{"line":7,"column":5}},"type":"if","locations":[{"start":{"line":5,"column":4},"end":{"line":7,"column":5}},{"start":{"line":5,"column":4},"end":{"line":7,"column":5}}],"line":5}},"s":{"0":1,"1":1,"2":1,"3":1,"4":0,"5":1,"6":1,"7":0,"8":0,"9":0,"10":1},"f":{"0":1,"1":1,"2":0,"3":0},"b":{"0":[0,1]},"_coverageSchema":"1a1c01bbd47fc00a2c39e90264f33305004495a9","hash":"198d9a2a2f8a6f4fece739e23792e8c8beb0a2eb"}
,"/Users/Jeremy/hackreactor/bestbuy-itemdetails/database/index.js": {"path":"/Users/Jeremy/hackreactor/bestbuy-itemdetails/database/index.js","statementMap":{"0":{"start":{"line":1,"column":17},"end":{"line":1,"column":36}},"1":{"start":{"line":3,"column":0},"end":{"line":3,"column":101}},"2":{"start":{"line":5,"column":11},"end":{"line":5,"column":30}},"3":{"start":{"line":6,"column":0},"end":{"line":8,"column":3}},"4":{"start":{"line":9,"column":0},"end":{"line":11,"column":3}},"5":{"start":{"line":13,"column":22},"end":{"line":38,"column":2}},"6":{"start":{"line":40,"column":16},"end":{"line":40,"column":56}},"7":{"start":{"line":42,"column":0},"end":{"line":44,"column":2}}},"fnMap":{"0":{"name":"(anonymous_0)","decl":{"start":{"line":6,"column":15},"end":{"line":6,"column":16}},"loc":{"start":{"line":6,"column":21},"end":{"line":8,"column":1}},"line":6},"1":{"name":"(anonymous_1)","decl":{"start":{"line":9,"column":16},"end":{"line":9,"column":17}},"loc":{"start":{"line":9,"column":22},"end":{"line":11,"column":1}},"line":9}},"branchMap":{},"s":{"0":2,"1":2,"2":2,"3":2,"4":2,"5":2,"6":2,"7":2},"f":{"0":0,"1":2},"b":{},"_coverageSchema":"1a1c01bbd47fc00a2c39e90264f33305004495a9","hash":"808fdf73c1b0f1545416d132f079136092af7bf1"}
,"/Users/Jeremy/hackreactor/bestbuy-itemdetails/seeds/seeds.js": {"path":"/Users/Jeremy/hackreactor/bestbuy-itemdetails/seeds/seeds.js","statementMap":{"0":{"start":{"line":1,"column":14},"end":{"line":1,"column":30}},"1":{"start":{"line":2,"column":20},"end":{"line":2,"column":48}},"2":{"start":{"line":4,"column":22},"end":{"line":8,"column":1}},"3":{"start":{"line":5,"column":18},"end":{"line":5,"column":57}},"4":{"start":{"line":6,"column":17},"end":{"line":6,"column":59}},"5":{"start":{"line":7,"column":2},"end":{"line":7,"column":25}},"6":{"start":{"line":10,"column":29},"end":{"line":21,"column":1}},"7":{"start":{"line":11,"column":29},"end":{"line":11,"column":57}},"8":{"start":{"line":12,"column":16},"end":{"line":12,"column":18}},"9":{"start":{"line":13,"column":2},"end":{"line":19,"column":3}},"10":{"start":{"line":13,"column":15},"end":{"line":13,"column":16}},"11":{"start":{"line":14,"column":4},"end":{"line":18,"column":7}},"12":{"start":{"line":20,"column":2},"end":{"line":20,"column":15}},"13":{"start":{"line":23,"column":25},"end":{"line":33,"column":1}},"14":{"start":{"line":25,"column":21},"end":{"line":25,"column":23}},"15":{"start":{"line":26,"column":2},"end":{"line":31,"column":3}},"16":{"start":{"line":26,"column":15},"end":{"line":26,"column":16}},"17":{"start":{"line":27,"column":4},"end":{"line":30,"column":7}},"18":{"start":{"line":32,"column":2},"end":{"line":32,"column":20}},"19":{"start":{"line":35,"column":25},"end":{"line":49,"column":1}},"20":{"start":{"line":36,"column":21},"end":{"line":39,"column":3}},"21":{"start":{"line":37,"column":20},"end":{"line":37,"column":51}},"22":{"start":{"line":38,"column":4},"end":{"line":38,"column":50}},"23":{"start":{"line":40,"column":22},"end":{"line":40,"column":24}},"24":{"start":{"line":41,"column":15},"end":{"line":41,"column":48}},"25":{"start":{"line":42,"column":2},"end":{"line":47,"column":3}},"26":{"start":{"line":42,"column":15},"end":{"line":42,"column":16}},"27":{"start":{"line":43,"column":4},"end":{"line":46,"column":7}},"28":{"start":{"line":48,"column":2},"end":{"line":48,"column":21}},"29":{"start":{"line":51,"column":21},"end":{"line":61,"column":1}},"30":{"start":{"line":52,"column":15},"end":{"line":52,"column":44}},"31":{"start":{"line":53,"column":17},"end":{"line":53,"column":19}},"32":{"start":{"line":54,"column":2},"end":{"line":59,"column":3}},"33":{"start":{"line":54,"column":15},"end":{"line":54,"column":16}},"34":{"start":{"line":55,"column":4},"end":{"line":58,"column":7}},"35":{"start":{"line":60,"column":2},"end":{"line":60,"column":16}},"36":{"start":{"line":63,"column":13},"end":{"line":87,"column":1}},"37":{"start":{"line":64,"column":2},"end":{"line":86,"column":3}},"38":{"start":{"line":64,"column":15},"end":{"line":64,"column":16}},"39":{"start":{"line":65,"column":23},"end":{"line":81,"column":6}},"40":{"start":{"line":82,"column":4},"end":{"line":85,"column":9}},"41":{"start":{"line":84,"column":8},"end":{"line":84,"column":18}},"42":{"start":{"line":89,"column":0},"end":{"line":96,"column":2}}},"fnMap":{"0":{"name":"(anonymous_0)","decl":{"start":{"line":4,"column":22},"end":{"line":4,"column":23}},"loc":{"start":{"line":4,"column":28},"end":{"line":8,"column":1}},"line":4},"1":{"name":"(anonymous_1)","decl":{"start":{"line":10,"column":29},"end":{"line":10,"column":30}},"loc":{"start":{"line":10,"column":35},"end":{"line":21,"column":1}},"line":10},"2":{"name":"(anonymous_2)","decl":{"start":{"line":23,"column":25},"end":{"line":23,"column":26}},"loc":{"start":{"line":23,"column":31},"end":{"line":33,"column":1}},"line":23},"3":{"name":"(anonymous_3)","decl":{"start":{"line":35,"column":25},"end":{"line":35,"column":26}},"loc":{"start":{"line":35,"column":31},"end":{"line":49,"column":1}},"line":35},"4":{"name":"(anonymous_4)","decl":{"start":{"line":36,"column":21},"end":{"line":36,"column":22}},"loc":{"start":{"line":36,"column":27},"end":{"line":39,"column":3}},"line":36},"5":{"name":"(anonymous_5)","decl":{"start":{"line":51,"column":21},"end":{"line":51,"column":22}},"loc":{"start":{"line":51,"column":27},"end":{"line":61,"column":1}},"line":51},"6":{"name":"(anonymous_6)","decl":{"start":{"line":63,"column":13},"end":{"line":63,"column":14}},"loc":{"start":{"line":63,"column":19},"end":{"line":87,"column":1}},"line":63},"7":{"name":"(anonymous_7)","decl":{"start":{"line":83,"column":13},"end":{"line":83,"column":14}},"loc":{"start":{"line":83,"column":22},"end":{"line":85,"column":7}},"line":83}},"branchMap":{},"s":{"0":1,"1":1,"2":1,"3":1,"4":1,"5":1,"6":1,"7":1,"8":1,"9":1,"10":1,"11":2,"12":1,"13":1,"14":1,"15":1,"16":1,"17":1,"18":1,"19":1,"20":1,"21":1,"22":1,"23":1,"24":1,"25":1,"26":1,"27":1,"28":1,"29":1,"30":1,"31":1,"32":1,"33":1,"34":0,"35":1,"36":1,"37":0,"38":0,"39":0,"40":0,"41":0,"42":1},"f":{"0":1,"1":1,"2":1,"3":1,"4":1,"5":1,"6":0,"7":0},"b":{},"_coverageSchema":"1a1c01bbd47fc00a2c39e90264f33305004495a9","hash":"e592de02081a6b45090e983c1f5f8d0eae8e7e04"}
,"/Users/Jeremy/hackreactor/bestbuy-itemdetails/server/index.js": {"path":"/Users/Jeremy/hackreactor/bestbuy-itemdetails/server/index.js","statementMap":{"0":{"start":{"line":1,"column":16},"end":{"line":1,"column":34}},"1":{"start":{"line":2,"column":19},"end":{"line":2,"column":41}},"2":{"start":{"line":3,"column":13},"end":{"line":3,"column":28}},"3":{"start":{"line":4,"column":20},"end":{"line":4,"column":50}},"4":{"start":{"line":6,"column":12},"end":{"line":6,"column":21}},"5":{"start":{"line":8,"column":0},"end":{"line":8,"column":16}},"6":{"start":{"line":9,"column":0},"end":{"line":9,"column":52}},"7":{"start":{"line":10,"column":0},"end":{"line":10,"column":72}},"8":{"start":{"line":12,"column":0},"end":{"line":14,"column":3}},"9":{"start":{"line":13,"column":2},"end":{"line":13,"column":30}},"10":{"start":{"line":16,"column":0},"end":{"line":24,"column":3}},"11":{"start":{"line":17,"column":17},"end":{"line":17,"column":27}},"12":{"start":{"line":18,"column":2},"end":{"line":23,"column":5}},"13":{"start":{"line":19,"column":4},"end":{"line":21,"column":5}},"14":{"start":{"line":20,"column":6},"end":{"line":20,"column":32}},"15":{"start":{"line":22,"column":4},"end":{"line":22,"column":34}},"16":{"start":{"line":26,"column":0},"end":{"line":28,"column":2}}},"fnMap":{"0":{"name":"(anonymous_0)","decl":{"start":{"line":12,"column":13},"end":{"line":12,"column":14}},"loc":{"start":{"line":12,"column":27},"end":{"line":14,"column":1}},"line":12},"1":{"name":"(anonymous_1)","decl":{"start":{"line":16,"column":29},"end":{"line":16,"column":30}},"loc":{"start":{"line":16,"column":43},"end":{"line":24,"column":1}},"line":16},"2":{"name":"(anonymous_2)","decl":{"start":{"line":18,"column":14},"end":{"line":18,"column":15}},"loc":{"start":{"line":18,"column":32},"end":{"line":23,"column":3}},"line":18}},"branchMap":{"0":{"loc":{"start":{"line":19,"column":4},"end":{"line":21,"column":5}},"type":"if","locations":[{"start":{"line":19,"column":4},"end":{"line":21,"column":5}},{"start":{"line":19,"column":4},"end":{"line":21,"column":5}}],"line":19}},"s":{"0":1,"1":1,"2":1,"3":1,"4":1,"5":1,"6":1,"7":1,"8":1,"9":0,"10":1,"11":1,"12":1,"13":1,"14":0,"15":1,"16":1},"f":{"0":0,"1":1,"2":1},"b":{"0":[0,1]},"_coverageSchema":"1a1c01bbd47fc00a2c39e90264f33305004495a9","hash":"e7540de4a4d1c2310848ddde3f1f8bf5dba6b8c7"}
}
