TN:
SF:client/src/components/App.jsx
FN:12,(anonymous_0)
FN:19,(anonymous_1)
FN:23,(anonymous_2)
FN:24,(anonymous_3)
FN:31,(anonymous_4)
FNF:5
FNH:4
FNDA:3,(anonymous_0)
FNDA:1,(anonymous_1)
FNDA:1,(anonymous_2)
FNDA:0,(anonymous_3)
FNDA:3,(anonymous_4)
DA:13,3
DA:14,3
DA:20,1
DA:24,1
DA:25,0
DA:32,3
DA:40,3
DA:42,3
LF:8
LH:7
BRF:0
BRH:0
end_of_record
TN:
SF:client/src/components/addtocart-components/AddToCart.jsx
FN:10,(anonymous_0)
FN:16,(anonymous_1)
FN:23,(anonymous_2)
FN:35,(anonymous_3)
FN:46,(anonymous_4)
FN:53,(anonymous_5)
FNF:6
FNH:4
FNDA:8,(anonymous_0)
FNDA:0,(anonymous_1)
FNDA:1,(anonymous_2)
FNDA:1,(anonymous_3)
FNDA:0,(anonymous_4)
FNDA:1,(anonymous_5)
DA:10,2
DA:11,8
DA:12,8
DA:13,8
DA:15,8
DA:16,8
DA:17,0
DA:18,0
DA:19,0
DA:23,8
DA:24,1
DA:25,1
DA:26,1
DA:29,8
DA:35,1
DA:46,0
DA:53,1
DA:81,2
LF:18
LH:14
BRDA:17,0,0,0
BRDA:17,0,1,0
BRDA:24,1,0,1
BRDA:24,1,1,0
BRF:4
BRH:1
end_of_record
TN:
SF:client/src/components/addtocart-components/CartModal.jsx
FN:8,(anonymous_0)
FNF:1
FNH:1
FNDA:1,(anonymous_0)
DA:8,2
DA:9,1
DA:10,0
DA:12,1
DA:14,1
DA:136,2
LF:6
LH:5
BRDA:9,0,0,0
BRDA:9,0,1,1
BRF:2
BRH:1
end_of_record
TN:
SF:client/src/components/addtocart-components/ComparePopup.jsx
FN:8,(anonymous_0)
FN:22,(anonymous_1)
FN:56,(anonymous_2)
FNF:3
FNH:0
FNDA:0,(anonymous_0)
FNDA:0,(anonymous_1)
FNDA:0,(anonymous_2)
DA:8,2
DA:9,0
DA:10,0
DA:12,0
DA:13,0
DA:22,0
DA:56,0
DA:73,2
LF:8
LH:2
BRDA:9,0,0,0
BRDA:9,0,1,0
BRF:2
BRH:0
end_of_record
TN:
SF:client/src/components/addtocart-components/SavePopup.jsx
FN:7,(anonymous_0)
FN:24,(anonymous_1)
FNF:2
FNH:1
FNDA:1,(anonymous_0)
FNDA:0,(anonymous_1)
DA:7,2
DA:8,1
DA:9,0
DA:11,1
DA:24,0
DA:33,2
LF:6
LH:4
BRDA:8,0,0,0
BRDA:8,0,1,1
BRF:2
BRH:1
end_of_record
TN:
SF:client/src/components/data/airPodsMaxData.js
FNF:0
FNH:0
DA:1,6
LF:1
LH:1
BRF:0
BRH:0
end_of_record
TN:
SF:client/src/components/offers-components/Offers.jsx
FN:6,(anonymous_0)
FN:8,(anonymous_1)
FN:11,(anonymous_2)
FN:13,(anonymous_3)
FNF:4
FNH:1
FNDA:1,(anonymous_0)
FNDA:0,(anonymous_1)
FNDA:0,(anonymous_2)
FNDA:0,(anonymous_3)
DA:6,2
DA:7,1
DA:9,0
DA:12,0
DA:13,0
DA:21,2
DA:25,2
LF:7
LH:4
BRF:0
BRH:0
end_of_record
TN:
SF:client/src/components/price-components/Price.jsx
FN:9,(anonymous_0)
FN:39,(anonymous_1)
FN:48,(anonymous_2)
FNF:3
FNH:2
FNDA:4,(anonymous_0)
FNDA:1,(anonymous_1)
FNDA:0,(anonymous_2)
DA:9,2
DA:10,4
DA:12,4
DA:40,1
DA:41,1
DA:48,0
DA:59,2
DA:63,2
LF:8
LH:7
BRF:0
BRH:0
end_of_record
TN:
SF:client/src/components/price-components/PriceMatch.jsx
FN:5,(anonymous_0)
FN:9,(anonymous_1)
FN:16,(anonymous_2)
FNF:3
FNH:2
FNDA:5,(anonymous_0)
FNDA:0,(anonymous_1)
FNDA:1,(anonymous_2)
DA:5,2
DA:6,5
DA:7,5
DA:9,5
DA:10,0
DA:11,0
DA:12,0
DA:16,5
DA:17,1
DA:18,1
DA:19,1
DA:20,1
DA:24,5
LF:13
LH:10
BRDA:10,0,0,0
BRDA:10,0,1,0
BRDA:18,1,0,1
BRDA:18,1,1,0
BRF:4
BRH:1
end_of_record
TN:
SF:client/src/components/price-components/PriceMatchPopup.jsx
FN:7,(anonymous_0)
FN:56,(anonymous_1)
FNF:2
FNH:1
FNDA:4,(anonymous_0)
FNDA:0,(anonymous_1)
DA:7,2
DA:8,4
DA:9,3
DA:12,1
DA:56,0
DA:65,2
LF:6
LH:5
BRDA:8,0,0,3
BRDA:8,0,1,1
BRF:2
BRH:2
end_of_record
TN:
SF:client/src/components/price-components/PriceModal.jsx
FN:7,(anonymous_0)
FNF:1
FNH:1
FNDA:2,(anonymous_0)
DA:7,2
DA:8,2
DA:9,1
DA:11,1
DA:35,2
LF:5
LH:5
BRDA:8,0,0,1
BRDA:8,0,1,1
BRF:2
BRH:2
end_of_record
TN:
SF:client/src/components/price-components/Returns.jsx
FN:4,(anonymous_0)
FN:16,(anonymous_1)
FNF:2
FNH:1
FNDA:3,(anonymous_0)
FNDA:0,(anonymous_1)
DA:4,2
DA:5,3
DA:16,0
LF:3
LH:2
BRF:0
BRH:0
end_of_record
TN:
SF:client/src/components/protection-components/Plan.jsx
FN:5,(anonymous_0)
FNF:1
FNH:0
FNDA:0,(anonymous_0)
DA:5,1
DA:6,0
DA:33,1
LF:3
LH:2
BRF:0
BRH:0
end_of_record
TN:
SF:client/src/components/protection-components/Protection.jsx
FN:7,(anonymous_0)
FN:24,(anonymous_1)
FN:29,(anonymous_2)
FNF:3
FNH:0
FNDA:0,(anonymous_0)
FNDA:0,(anonymous_1)
FNDA:0,(anonymous_2)
DA:7,1
DA:8,0
DA:25,0
DA:29,0
DA:34,1
DA:39,1
LF:6
LH:3
BRF:0
BRH:0
end_of_record
TN:
SF:client/src/components/stock-shipping-components/EstimatesPopup.jsx
FN:7,(anonymous_0)
FN:32,(anonymous_1)
FNF:2
FNH:1
FNDA:3,(anonymous_0)
FNDA:0,(anonymous_1)
DA:7,2
DA:8,3
DA:9,2
DA:11,1
DA:32,0
DA:41,2
LF:6
LH:5
BRDA:8,0,0,2
BRDA:8,0,1,1
BRF:2
BRH:2
end_of_record
TN:
SF:client/src/components/stock-shipping-components/StockShipping.jsx
FN:7,(anonymous_0)
FN:11,(anonymous_1)
FN:18,(anonymous_2)
FN:30,(anonymous_3)
FNF:4
FNH:3
FNDA:4,(anonymous_0)
FNDA:0,(anonymous_1)
FNDA:1,(anonymous_2)
FNDA:4,(anonymous_3)
DA:7,2
DA:8,4
DA:9,4
DA:11,4
DA:12,0
DA:13,0
DA:14,0
DA:18,4
DA:19,1
DA:20,1
DA:21,1
DA:22,1
DA:25,4
DA:26,0
DA:30,4
DA:31,4
DA:32,0
DA:33,0
DA:34,0
DA:36,4
DA:37,4
DA:38,4
DA:41,4
DA:87,2
DA:91,2
LF:25
LH:18
BRDA:12,0,0,0
BRDA:12,0,1,0
BRDA:20,1,0,1
BRDA:20,1,1,0
BRDA:25,2,0,0
BRDA:25,2,1,4
BRDA:31,3,0,0
BRDA:31,3,1,4
BRDA:44,4,0,0
BRDA:44,4,1,4
BRF:10
BRH:4
end_of_record
TN:
SF:client/src/components/variations-components/AllVariations.jsx
FN:7,(anonymous_0)
FN:9,(anonymous_1)
FNF:2
FNH:2
FNDA:1,(anonymous_0)
FNDA:1,(anonymous_1)
DA:7,2
DA:8,1
DA:10,1
DA:18,2
DA:22,2
LF:5
LH:5
BRF:0
BRH:0
end_of_record
TN:
SF:client/src/components/variations-components/Variation.jsx
FN:6,(anonymous_0)
FN:17,(anonymous_1)
FN:21,(anonymous_2)
FN:29,(anonymous_3)
FN:44,(anonymous_4)
FN:75,(anonymous_5)
FNF:6
FNH:2
FNDA:1,(anonymous_0)
FNDA:0,(anonymous_1)
FNDA:0,(anonymous_2)
FNDA:0,(anonymous_3)
FNDA:0,(anonymous_4)
FNDA:5,(anonymous_5)
DA:6,2
DA:7,1
DA:8,1
DA:9,1
DA:10,1
DA:11,1
DA:13,1
DA:17,1
DA:18,0
DA:21,1
DA:22,0
DA:26,1
DA:30,0
DA:31,0
DA:32,0
DA:41,1
DA:45,0
DA:46,0
DA:47,0
DA:54,1
DA:76,5
DA:90,2
LF:22
LH:14
BRDA:66,0,0,0
BRDA:66,0,1,1
BRDA:69,1,0,1
BRDA:69,1,1,0
BRF:4
BRH:2
end_of_record
TN:
SF:client/src/components/variations-components/VariationItem.jsx
FN:7,(anonymous_0)
FN:13,(anonymous_1)
FN:23,(anonymous_2)
FN:24,(anonymous_3)
FN:25,(anonymous_4)
FNF:5
FNH:2
FNDA:1,(anonymous_0)
FNDA:1,(anonymous_1)
FNDA:0,(anonymous_2)
FNDA:0,(anonymous_3)
FNDA:0,(anonymous_4)
DA:7,2
DA:13,1
DA:14,1
DA:15,0
DA:17,1
DA:20,1
DA:23,0
DA:24,0
DA:25,0
DA:42,2
LF:10
LH:6
BRDA:14,0,0,0
BRDA:14,0,1,1
BRF:2
BRH:1
end_of_record
TN:
SF:database/helpers.js
FN:3,(anonymous_0)
FN:4,(anonymous_1)
FN:12,(anonymous_2)
FN:18,(anonymous_3)
FNF:4
FNH:2
FNDA:1,(anonymous_0)
FNDA:1,(anonymous_1)
FNDA:0,(anonymous_2)
FNDA:0,(anonymous_3)
DA:1,1
DA:3,1
DA:4,1
DA:5,1
DA:6,0
DA:8,1
DA:12,1
DA:13,0
DA:14,0
DA:19,0
DA:23,1
LF:11
LH:7
BRDA:5,0,0,0
BRDA:5,0,1,1
BRF:2
BRH:1
end_of_record
TN:
SF:database/index.js
FN:6,(anonymous_0)
FN:9,(anonymous_1)
FNF:2
FNH:1
FNDA:0,(anonymous_0)
FNDA:2,(anonymous_1)
DA:1,2
DA:3,2
DA:5,2
DA:6,2
DA:9,2
DA:13,2
DA:42,2
DA:44,2
LF:8
LH:8
BRF:0
BRH:0
end_of_record
TN:
SF:seeds/seeds.js
FN:4,(anonymous_0)
FN:10,(anonymous_1)
FN:23,(anonymous_2)
FN:35,(anonymous_3)
FN:36,(anonymous_4)
FN:51,(anonymous_5)
FN:63,(anonymous_6)
FN:83,(anonymous_7)
FN:152,(anonymous_8)
FNF:9
FNH:7
FNDA:1,(anonymous_0)
FNDA:1,(anonymous_1)
FNDA:1,(anonymous_2)
FNDA:1,(anonymous_3)
FNDA:2,(anonymous_4)
FNDA:1,(anonymous_5)
FNDA:0,(anonymous_6)
FNDA:0,(anonymous_7)
FNDA:1,(anonymous_8)
DA:1,1
DA:2,1
DA:4,1
DA:5,1
DA:6,1
DA:7,1
DA:10,1
DA:11,1
DA:12,1
DA:13,1
DA:14,2
DA:20,1
DA:23,1
DA:25,1
DA:26,1
DA:27,1
DA:32,1
DA:35,1
DA:36,1
DA:37,2
DA:38,2
DA:40,1
DA:41,1
DA:42,1
DA:43,2
DA:48,1
DA:51,1
DA:52,1
DA:53,1
DA:54,1
DA:55,0
DA:60,1
DA:63,1
DA:64,0
DA:65,0
DA:82,0
DA:84,0
DA:89,1
DA:151,1
DA:153,1
DA:156,1
LF:41
LH:36
BRF:0
BRH:0
end_of_record
TN:
SF:server/index.js
FN:17,(anonymous_0)
FN:19,(anonymous_1)
FNF:2
FNH:2
FNDA:1,(anonymous_0)
FNDA:1,(anonymous_1)
DA:1,1
DA:2,1
DA:3,1
DA:4,1
DA:6,1
DA:8,1
DA:9,1
DA:10,1
DA:11,1
DA:17,1
DA:18,1
DA:19,1
DA:20,1
DA:21,0
DA:23,1
DA:27,1
LF:16
LH:15
BRDA:20,0,0,0
BRDA:20,0,1,1
BRF:2
BRH:1
end_of_record
